<?xml version="1.0" encoding="UTF-8"?>
<testsuite xmlns:xsi="http://www.w3.org/2001/XMLSchema-instance" xsi:noNamespaceSchemaLocation="https://maven.apache.org/surefire/maven-surefire-plugin/xsd/surefire-test-report.xsd" name="co.unicauca.serversocket.ordermanagement.domain.OrderTest" time="0.078" tests="3" errors="0" skipped="0" failures="0">
  <properties>
[...]
</properties>
  <testcase name="testNormalFlow" classname="co.unicauca.serversocket.ordermanagement.domain.OrderTest" time="0.047"/>
  <testcase name="testExceptionalFlow" classname="co.unicauca.serversocket.ordermanagement.domain.OrderTest" time="0"/>
  <testcase name="AlternativeFlow" classname="co.unicauca.serversocket.ordermanagement.domain.OrderTest" time="0"/>
</testsuite>